<?xml version="1.0" encoding="UTF-8"?>
<testsuites name="jest tests" tests="4" failures="0" time="2.703">
  <testsuite name="Zadanie nr. 2" errors="0" failures="0" skipped="0" timestamp="2020-03-10T18:52:14" time="2.201" tests="4">
    <testcase classname="Zadanie nr. 2" name="Dodano nieuporządkowaną listę" time="0.009">
    </testcase>
    <testcase classname="Zadanie nr. 2" name="Dodano 5 elementów listy" time="0.004">
    </testcase>
    <testcase classname="Zadanie nr. 2" name="Każdy LI ma kolejną literę alfabetu" time="0.003">
    </testcase>
    <testcase classname="Zadanie nr. 2" name="Każdy parzysty LI ma odpowiedni kolor" time="0.003">
    </testcase>
  </testsuite>
</testsuites>